2025-02-23 16:27:24,551 INFO: OK, so weve got 407 people to begin with.
2025-02-23 16:27:24,566 INFO: 13 people did not read PIS/agree to analysis
2025-02-23 16:27:24,575 INFO: This leaves us with 394 rows of observations
2025-02-23 16:27:24,584 INFO: There are 3 obs missing for Q10: important.
2025-02-23 16:27:24,591 INFO: We drop these. This leaves us with 391 people.
2025-02-23 16:27:24,952 INFO: There are 86 unique institutions
2025-02-23 16:27:24,953 INFO: The modal institution (excluding 'Other') is: University College London
2025-02-23 16:27:24,953 INFO: --------------------
2025-02-23 16:27:24,954 INFO: Q3
Other                                                                            18
University College London                                                        16
University of Oxford                                                             16
University of Glasgow                                                            14
University of Edinburgh                                                          14
University of Bristol                                                            13
University of Nottingham, The                                                    11
The University of Manchester                                                     10
Cardiff University / Prifysgol Caerdydd                                           9
The University of Sheffield                                                       8
The University of Liverpool                                                       8
The University of Birmingham                                                      8
University of Cambridge                                                           8
University of Southampton                                                         8
King's College London                                                             8
University of York                                                                7
The University of Warwick                                                         7
University of Exeter                                                              7
Royal Holloway and Bedford New College                                            6
The University of Lancaster                                                       6
University of Durham                                                              6
University of Ulster                                                              6
The University of Leeds                                                           5
The University of Hull                                                            5
University of Newcastle upon Tyne                                                 5
University of Plymouth                                                            5
University of St Andrews                                                          4
Kingston University                                                               4
Imperial College of Science, Technology and Medicine                              4
City, University of London                                                        4
The London School of Economics and Political Science                              4
University of Northumbria at Newcastle                                            4
School of Oriental and African Studies                                            4
Queen's University of Belfast                                                     4
The University of Leicester                                                       4
The University of Kent                                                            4
University of the West of England, Bristol                                        3
Queen Mary University of London                                                   3
Loughborough University                                                           3
University of Strathclyde                                                         3
University of Keele                                                               3
University of Sussex                                                              3
University of Aberdeen                                                            3
University of Brighton                                                            3
Nottingham Trent University                                                       3
The University of Reading                                                         3
The University of East Anglia                                                     3
The Open University                                                               2
Manchester Metropolitan University                                                2
Swansea University / Prifysgol Abertawe                                           2
Brunel University London                                                          2
Goldsmiths' College                                                               2
Anglia Ruskin University Higher Education Corporation                             2
Liverpool John Moores University                                                  2
University of Stirling                                                            2
University of the Arts, London                                                    2
University of Portsmouth                                                          2
University of Salford, The                                                        2
Queen Margaret University, Edinburgh                                              2
Royal College of Art(The)                                                         2
The University of Surrey                                                          2
The University of Bath                                                            2
Aston University                                                                  1
Bangor University / Prifysgol Bangor                                              1
Birkbeck College                                                                  1
Aberystwyth University / Prifysgol Aberystwyth                                    1
Buckinghamshire New University                                                    1
Bournemouth University                                                            1
Coventry University                                                               1
Edge Hill University                                                              1
The Royal Central School of Speech and Drama                                      1
Liverpool School of Tropical Medicine                                             1
Heriot-Watt University                                                            1
Leeds Beckett University                                                          1
Oxford Brookes University                                                         1
SRUC                                                                              1
Sheffield Hallam University                                                       1
St. George's Hospital Medical School                                              1
University of Lincoln                                                             1
The University of Essex                                                           1
The University of Westminster                                                     1
University of Chester                                                             1
University of Wales Trinity Saint David / Prifysgol Cymru Y Drindod Dewi Sant     1
University of Hertfordshire                                                       1
University of the West of Scotland                                                1
Birmingham City University                                                        0
2025-02-23 16:27:24,958 INFO: Most recent year of PhD: 2022
2025-02-23 16:27:24,958 INFO: Earliest year of PhD: 1968
2025-02-23 16:27:24,958 INFO: Mean year of PhD: 1993
2025-02-23 16:27:24,962 INFO: --------------------
2025-02-23 16:27:24,963 INFO: Q6
White                                         352
Asian or Asian British                         18
Other ethnic group                             13
Mixed or multiple ethnic groups                 6
Black, Black British, Caribbean or African      2
2025-02-23 16:27:24,963 INFO: --------------------
2025-02-23 16:27:25,643 INFO: --------------------
2025-02-23 16:27:25,643 INFO: 2    Sub-panel 19
3    Sub-panel 33
4     Sub-panel 2
5    Sub-panel 10
6    Sub-panel 25
2025-02-23 16:27:25,643 INFO: --------------------
2025-02-23 16:27:25,656 INFO: Q7_uoa
1     12
2     16
3     23
4     17
5     11
6      4
7     13
8      4
9     10
10     8
11    10
12    18
13    17
14     5
15     4
16     8
17    12
18    11
19    11
20    11
21    10
22     5
23     7
24     7
25    19
26    15
27    18
28    13
29    10
30     6
31     9
32    21
33    13
34    10
2025-02-23 16:27:25,656 INFO: --------------------
2025-02-23 16:27:25,658 INFO: Q8
Other                                                                            24
Art and Design: History, Practice and Theory                                     20
Public Health, Health Services and Primary Care                                  18
History                                                                          17
Modern Languages and Linguistics                                                 17
English Language and Literature                                                  16
Biological Sciences                                                              16
Psychology, Psychiatry and Neuroscience                                          15
Engineering                                                                      15
Allied Health Professions, Dentistry, Nursing and Pharmacy                       14
Architecture, Built Environment and Planning                                     14
Sociology                                                                        14
Politics and International Studies                                               13
Music, Drama, Dance, Performing Arts, Film and Screen Studies                    12
Business and Management Studies                                                  12
Computer Science and Informatics                                                 11
Earth Systems and Environmental Sciences                                         11
Physics                                                                          10
Law                                                                              10
Communication, Cultural and Media Studies, Library and Information Management    10
Clinical Medicine                                                                10
Mathematical Sciences                                                             9
Theology and Religious Studies                                                    9
Economics and Econometrics                                                        8
Education                                                                         8
Social Work and Social Policy                                                     7
Geography and Environmental Studies                                               7
Sport and Exercise Sciences, Leisure and Tourism                                  7
Classics                                                                          7
Archaeology                                                                       6
Area Studies                                                                      6
Philosophy                                                                        6
Agriculture, Food and Veterinary Sciences                                         4
Anthropology and Development Studies                                              4
Chemistry                                                                         4
2025-02-23 16:27:25,658 INFO: --------------------
2025-02-23 16:27:25,660 INFO: Unique Q8a: ['' 'Demography' 'Medical ethics' 'Criminology'
 'no longer research active' 'Publishing'
 'Manager not researcher so work across disciplines' 'social science'
 'I was a Panel Adviser, so have no research area'
 'Not currently a researcher' 'Interdisciplinary digital research'
 'Technology, Education, and Music' 'I am not a researcher.'
 'Political economy'
 'I was the chief executive of a UK national charity supporting children with speech, language and communication difficulties. I was not a researcher.'
 'I was an impact assessor and am not a researcher' 'Heritage'
 'Cross cutting' 'n/a' 'Impact assessor'
 'I conduct/commission research into the child welfare service.'
 'Welsh and Celtic Studies' 'Gerontology'
 'Impact assessor - no current research activity']
2025-02-23 16:27:25,660 INFO: --------------------
2025-02-23 16:27:25,663 INFO: Q8_uoa
32    20
2     18
28    17
26    17
27    16
5     16
12    15
4     15
3     14
21    14
13    14
19    13
33    12
17    12
11    11
7     11
9     10
34    10
18    10
1     10
10     9
31     9
23     8
16     8
20     7
14     7
29     7
24     7
15     6
25     6
30     6
8      4
6      4
22     4
2025-02-23 16:27:25,663 INFO: --------------------
2025-02-23 16:27:25,664 INFO: There are 24 people who put 8_uoa as 'Other' but fit into a UOA
2025-02-23 16:27:25,671 INFO: --------------------
2025-02-23 16:27:25,671 INFO: 2    - benefits generate for and with non-academic ...
3    Research that changes or benefits individuals ...
4    research-informed changes in policy, practice,...
5    The formal definition is research work which h...
6    Usually programmed activity that seeks to shar...
2025-02-23 16:27:25,671 INFO: --------------------
2025-02-23 16:27:25,674 INFO: Highest weight for ICS: 100
2025-02-23 16:27:25,675 INFO: Smallest weight for ICS: 0
2025-02-23 16:27:25,675 INFO: Mean weight for ICS: 39
2025-02-23 16:27:25,677 INFO: --------------------
2025-02-23 16:27:25,677 INFO: 2    If the case study format remains for the next ...
3                                                     
4    impact should have the largest proportion sinc...
5    Most good science is not impactful, certainly ...
6    Impact is significant part of the purpose of r...
2025-02-23 16:27:25,677 INFO: --------------------
2025-02-23 16:27:25,681 INFO: Mean rank for Q11_1 is 4.515
2025-02-23 16:27:25,685 INFO: Mean rank for Q11_2 is 4.235
2025-02-23 16:27:25,689 INFO: Mean rank for Q11_3 is 5.667
2025-02-23 16:27:25,694 INFO: Mean rank for Q11_4 is 6.057
2025-02-23 16:27:25,698 INFO: Mean rank for Q11_5 is 5.536
2025-02-23 16:27:25,702 INFO: Mean rank for Q11_6 is 5.401
2025-02-23 16:27:25,706 INFO: Mean rank for Q11_7 is 6.558
2025-02-23 16:27:25,710 INFO: Mean rank for Q11_8 is 5.814
2025-02-23 16:27:25,714 INFO: Mean rank for Q11_9 is 4.348
2025-02-23 16:27:25,718 INFO: Mean rank for Q11_10 is 4.164
2025-02-23 16:27:25,718 INFO: --------------------
2025-02-23 16:27:25,732 INFO: Mean rank for Q12_1 is 2.272
2025-02-23 16:27:25,742 INFO: Mean rank for Q12_2 is 2.041
2025-02-23 16:27:25,753 INFO: Mean rank for Q12_3 is 1.79
2025-02-23 16:27:25,764 INFO: Mean rank for Q12_4 is 1.459
2025-02-23 16:27:25,774 INFO: Mean rank for Q12_5 is 1.627
2025-02-23 16:27:25,784 INFO: Mean rank for Q12_6 is 1.443
2025-02-23 16:27:25,796 INFO: Mean rank for Q12_7 is 1.974
2025-02-23 16:27:25,806 INFO: Mean rank for Q12_8 is 1.376
2025-02-23 16:27:25,818 INFO: Mean rank for Q12_9 is 1.018
2025-02-23 16:27:25,828 INFO: Mean rank for Q12_10 is 0.684
2025-02-23 16:27:25,839 INFO: Mean rank for Q12_11 is 0.806
2025-02-23 16:27:25,849 INFO: Mean rank for Q12_12 is 1.819
2025-02-23 16:27:25,860 INFO: Mean rank for Q12_13 is 1.163
2025-02-23 16:27:25,870 INFO: Mean rank for Q12_14 is 0.482
2025-02-23 16:27:25,880 INFO: Mean rank for Q12_15 is 0.51
2025-02-23 16:27:25,890 INFO: Mean rank for Q12_16 is 1.381
2025-02-23 16:27:25,901 INFO: Mean rank for Q12_17 is 0.637
2025-02-23 16:27:25,911 INFO: Mean rank for Q12_18 is 1.101
2025-02-23 16:27:25,922 INFO: Mean rank for Q12_19 is 0.909
2025-02-23 16:27:25,933 INFO: Mean rank for Q12_20 is 0.746
2025-02-23 16:27:25,945 INFO: Mean rank for Q12_21 is 1.35
2025-02-23 16:27:25,957 INFO: Mean rank for Q12_22 is 1.407
2025-02-23 16:27:25,968 INFO: Mean rank for Q12_23 is 1.728
2025-02-23 16:27:26,875 INFO: --------------------
2025-02-23 16:27:26,878 INFO: 2                                                     
3    Contribution to creative and cultural industri...
4    meeting priority needs; collaborating with sta...
5    Mathematical analysis plays a crucial role in ...
6    ability to make interventions in complex and d...
2025-02-23 16:27:26,878 INFO: --------------------
2025-02-23 16:27:26,880 INFO: 2    Case study format demands coherent narrative a...
3    They tend to rely a lot on testimonials, rathe...
4    tracking the impact of research and assessing ...
5    Only a small fraction of the research undertak...
6    measuring long-term qualitative impacts outsid...
2025-02-23 16:27:26,894 INFO: --------------------
2025-02-23 16:27:26,894 INFO: Q15 mean: 1.5544041450777202
2025-02-23 16:27:26,896 INFO: Q16 mean: 41.797814207650276
2025-02-23 16:27:26,896 INFO: --------------------
2025-02-23 16:27:26,918 INFO: Mean rank for Q17_1 is 1.217
2025-02-23 16:27:26,929 INFO: Mean rank for Q17_2 is 0.321
2025-02-23 16:27:26,939 INFO: Mean rank for Q17_3 is 1.337
2025-02-23 16:27:26,950 INFO: Mean rank for Q17_4 is 1.431
2025-02-23 16:27:26,960 INFO: Mean rank for Q17_5 is 1.36
2025-02-23 16:27:26,971 INFO: Mean rank for Q17_6 is 1.162
2025-02-23 16:27:26,981 INFO: Mean rank for Q17_7 is 0.405
2025-02-23 16:27:26,992 INFO: Mean rank for Q17_8 is 1.473
2025-02-23 16:27:27,003 INFO: Mean rank for Q17_9 is 0.386
2025-02-23 16:27:27,013 INFO: Mean rank for Q17_10 is 1.52
2025-02-23 16:27:27,015 INFO: --------------------
2025-02-23 16:27:27,015 INFO: 2    Academy needs to get to grips with EDI dimensi...
3    Understanding the ethical nature of impact is ...
4    to accelerate learning about how to do better,...
5    Again I would highlight that impact is a small...
6                                                     
2025-02-23 16:27:27,015 INFO: --------------------
2025-02-23 16:27:27,026 INFO: Mean rank for Q18_1 is 1.829
2025-02-23 16:27:27,037 INFO: Mean rank for Q18_2 is 1.494
2025-02-23 16:27:27,048 INFO: Mean rank for Q18_3 is 2.384
2025-02-23 16:27:27,060 INFO: Mean rank for Q18_4 is 2.236
2025-02-23 16:27:27,070 INFO: Mean rank for Q18_5 is 2.156
2025-02-23 16:27:27,081 INFO: Mean rank for Q18_6 is 2.114
2025-02-23 16:27:27,092 INFO: Mean rank for Q18_7 is 1.896
2025-02-23 16:27:27,103 INFO: Mean rank for Q18_8 is 2.112
2025-02-23 16:27:27,114 INFO: Mean rank for Q18_9 is 1.681
2025-02-23 16:27:27,124 INFO: Mean rank for Q18_10 is 1.452
2025-02-23 16:27:27,124 INFO: --------------------
2025-02-23 16:27:27,136 INFO: Mean rank for Q18a_1 is 2.577
2025-02-23 16:27:27,148 INFO: Mean rank for Q18a_2 is 0.668
2025-02-23 16:27:27,159 INFO: Mean rank for Q18a_3 is 1.278
2025-02-23 16:27:27,169 INFO: Mean rank for Q18a_4 is 1.449
2025-02-23 16:27:27,180 INFO: Mean rank for Q18a_5 is 1.356
2025-02-23 16:27:27,190 INFO: Mean rank for Q18a_6 is 1.205
2025-02-23 16:27:27,201 INFO: Mean rank for Q18a_7 is 0.488
2025-02-23 16:27:27,211 INFO: Mean rank for Q18a_8 is 0.582
2025-02-23 16:27:27,222 INFO: Mean rank for Q18a_9 is 1.369
2025-02-23 16:27:27,233 INFO: Mean rank for Q18a_10 is 0.795
2025-02-23 16:27:27,235 INFO: --------------------
2025-02-23 16:27:27,235 INFO: 2                Take a look at the UoA subject report
3    Health, community building, cultural benefits ...
4                            policy making, guidelines
5    health, environmental protection and monitorin...
6                                                     
2025-02-23 16:27:28,747 INFO: We have 90 null ICS_GPA
2025-02-23 16:27:28,748 INFO: OK, we have 90 rows with ICS_GPA to begin with
2025-02-23 16:27:28,749 INFO: Lets drop those without Q3 (institution)
2025-02-23 16:27:28,750 INFO: We now have 59 rows with ICS_GPA
2025-02-23 16:27:28,750 INFO: Lets drop institution =='Other'
2025-02-23 16:27:28,751 INFO: We now have 41 rows with ICS_GPA
2025-02-23 16:27:28,751 INFO: Lets drop those without a UOA
2025-02-23 16:27:28,752 INFO: We now have 34 rows with ICS_GPA
2025-02-23 16:27:28,752 INFO: Saving these out to ../data/to_check/institutions_didnt_submit_to_uoa.csv: Check these people were in universities which didnt to submit to relevant UOA.
2025-02-23 16:27:28,762 INFO: Data getting saved to: ../data/wrangled/df_clean_merged.csv
2025-02-23 16:27:28,773 INFO: Length of df_merge is 391
2025-02-23 16:46:22,447 INFO: OK, so weve got 407 people to begin with.
2025-02-23 16:46:22,461 INFO: 13 people did not read PIS/agree to analysis
2025-02-23 16:46:22,471 INFO: This leaves us with 394 rows of observations
2025-02-23 16:46:22,479 INFO: There are 3 obs missing for Q10: important.
2025-02-23 16:46:22,486 INFO: We drop these. This leaves us with 391 people.
2025-02-23 16:46:22,846 INFO: There are 86 unique institutions
2025-02-23 16:46:22,847 INFO: The modal institution (excluding 'Other') is: University College London
2025-02-23 16:46:22,847 INFO: --------------------
2025-02-23 16:46:22,847 INFO: Q3
Other                                                                            18
University College London                                                        16
University of Oxford                                                             16
University of Glasgow                                                            14
University of Edinburgh                                                          14
University of Bristol                                                            13
University of Nottingham, The                                                    11
The University of Manchester                                                     10
Cardiff University / Prifysgol Caerdydd                                           9
The University of Sheffield                                                       8
The University of Liverpool                                                       8
The University of Birmingham                                                      8
University of Cambridge                                                           8
University of Southampton                                                         8
King's College London                                                             8
University of York                                                                7
The University of Warwick                                                         7
University of Exeter                                                              7
Royal Holloway and Bedford New College                                            6
The University of Lancaster                                                       6
University of Durham                                                              6
University of Ulster                                                              6
The University of Leeds                                                           5
The University of Hull                                                            5
University of Newcastle upon Tyne                                                 5
University of Plymouth                                                            5
University of St Andrews                                                          4
Kingston University                                                               4
Imperial College of Science, Technology and Medicine                              4
City, University of London                                                        4
The London School of Economics and Political Science                              4
University of Northumbria at Newcastle                                            4
School of Oriental and African Studies                                            4
Queen's University of Belfast                                                     4
The University of Leicester                                                       4
The University of Kent                                                            4
University of the West of England, Bristol                                        3
Queen Mary University of London                                                   3
Loughborough University                                                           3
University of Strathclyde                                                         3
University of Keele                                                               3
University of Sussex                                                              3
University of Aberdeen                                                            3
University of Brighton                                                            3
Nottingham Trent University                                                       3
The University of Reading                                                         3
The University of East Anglia                                                     3
The Open University                                                               2
Manchester Metropolitan University                                                2
Swansea University / Prifysgol Abertawe                                           2
Brunel University London                                                          2
Goldsmiths' College                                                               2
Anglia Ruskin University Higher Education Corporation                             2
Liverpool John Moores University                                                  2
University of Stirling                                                            2
University of the Arts, London                                                    2
University of Portsmouth                                                          2
University of Salford, The                                                        2
Queen Margaret University, Edinburgh                                              2
Royal College of Art(The)                                                         2
The University of Surrey                                                          2
The University of Bath                                                            2
Aston University                                                                  1
Bangor University / Prifysgol Bangor                                              1
Birkbeck College                                                                  1
Aberystwyth University / Prifysgol Aberystwyth                                    1
Buckinghamshire New University                                                    1
Bournemouth University                                                            1
Coventry University                                                               1
Edge Hill University                                                              1
The Royal Central School of Speech and Drama                                      1
Liverpool School of Tropical Medicine                                             1
Heriot-Watt University                                                            1
Leeds Beckett University                                                          1
Oxford Brookes University                                                         1
SRUC                                                                              1
Sheffield Hallam University                                                       1
St. George's Hospital Medical School                                              1
University of Lincoln                                                             1
The University of Essex                                                           1
The University of Westminster                                                     1
University of Chester                                                             1
University of Wales Trinity Saint David / Prifysgol Cymru Y Drindod Dewi Sant     1
University of Hertfordshire                                                       1
University of the West of Scotland                                                1
Birmingham City University                                                        0
2025-02-23 16:46:22,850 INFO: Most recent year of PhD: 2022
2025-02-23 16:46:22,850 INFO: Earliest year of PhD: 1968
2025-02-23 16:46:22,850 INFO: Mean year of PhD: 1993
2025-02-23 16:47:35,648 INFO: OK, so weve got 407 people to begin with.
2025-02-23 16:47:35,662 INFO: 13 people did not read PIS/agree to analysis
2025-02-23 16:47:35,672 INFO: This leaves us with 394 rows of observations
2025-02-23 16:47:35,680 INFO: There are 3 obs missing for Q10: important.
2025-02-23 16:47:35,688 INFO: We drop these. This leaves us with 391 people.
2025-02-23 16:47:36,053 INFO: There are 86 unique institutions
2025-02-23 16:47:36,054 INFO: The modal institution (excluding 'Other') is: University College London
2025-02-23 16:47:36,054 INFO: --------------------
2025-02-23 16:47:36,054 INFO: Q3
Other                                                                            18
University College London                                                        16
University of Oxford                                                             16
University of Glasgow                                                            14
University of Edinburgh                                                          14
University of Bristol                                                            13
University of Nottingham, The                                                    11
The University of Manchester                                                     10
Cardiff University / Prifysgol Caerdydd                                           9
The University of Sheffield                                                       8
The University of Liverpool                                                       8
The University of Birmingham                                                      8
University of Cambridge                                                           8
University of Southampton                                                         8
King's College London                                                             8
University of York                                                                7
The University of Warwick                                                         7
University of Exeter                                                              7
Royal Holloway and Bedford New College                                            6
The University of Lancaster                                                       6
University of Durham                                                              6
University of Ulster                                                              6
The University of Leeds                                                           5
The University of Hull                                                            5
University of Newcastle upon Tyne                                                 5
University of Plymouth                                                            5
University of St Andrews                                                          4
Kingston University                                                               4
Imperial College of Science, Technology and Medicine                              4
City, University of London                                                        4
The London School of Economics and Political Science                              4
University of Northumbria at Newcastle                                            4
School of Oriental and African Studies                                            4
Queen's University of Belfast                                                     4
The University of Leicester                                                       4
The University of Kent                                                            4
University of the West of England, Bristol                                        3
Queen Mary University of London                                                   3
Loughborough University                                                           3
University of Strathclyde                                                         3
University of Keele                                                               3
University of Sussex                                                              3
University of Aberdeen                                                            3
University of Brighton                                                            3
Nottingham Trent University                                                       3
The University of Reading                                                         3
The University of East Anglia                                                     3
The Open University                                                               2
Manchester Metropolitan University                                                2
Swansea University / Prifysgol Abertawe                                           2
Brunel University London                                                          2
Goldsmiths' College                                                               2
Anglia Ruskin University Higher Education Corporation                             2
Liverpool John Moores University                                                  2
University of Stirling                                                            2
University of the Arts, London                                                    2
University of Portsmouth                                                          2
University of Salford, The                                                        2
Queen Margaret University, Edinburgh                                              2
Royal College of Art(The)                                                         2
The University of Surrey                                                          2
The University of Bath                                                            2
Aston University                                                                  1
Bangor University / Prifysgol Bangor                                              1
Birkbeck College                                                                  1
Aberystwyth University / Prifysgol Aberystwyth                                    1
Buckinghamshire New University                                                    1
Bournemouth University                                                            1
Coventry University                                                               1
Edge Hill University                                                              1
The Royal Central School of Speech and Drama                                      1
Liverpool School of Tropical Medicine                                             1
Heriot-Watt University                                                            1
Leeds Beckett University                                                          1
Oxford Brookes University                                                         1
SRUC                                                                              1
Sheffield Hallam University                                                       1
St. George's Hospital Medical School                                              1
University of Lincoln                                                             1
The University of Essex                                                           1
The University of Westminster                                                     1
University of Chester                                                             1
University of Wales Trinity Saint David / Prifysgol Cymru Y Drindod Dewi Sant     1
University of Hertfordshire                                                       1
University of the West of Scotland                                                1
Birmingham City University                                                        0
2025-02-23 16:47:36,057 INFO: Most recent year of PhD: 2022
2025-02-23 16:47:36,057 INFO: Earliest year of PhD: 1968
2025-02-23 16:47:36,057 INFO: Mean year of PhD: 1993
2025-02-23 16:47:36,066 INFO: --------------------
2025-02-23 16:47:36,066 INFO: Q6
White                                         352
Asian or Asian British                         18
Other ethnic group                             13
Mixed or multiple ethnic groups                 6
Black, Black British, Caribbean or African      2
2025-02-23 16:47:36,066 INFO: --------------------
2025-02-23 16:47:36,761 INFO: --------------------
2025-02-23 16:47:36,762 INFO: 2    Sub-panel 19
3    Sub-panel 33
4     Sub-panel 2
5    Sub-panel 10
6    Sub-panel 25
2025-02-23 16:47:36,762 INFO: --------------------
2025-02-23 16:47:36,763 INFO: Q7_uoa
1     12
2     16
3     23
4     17
5     11
6      4
7     13
8      4
9     10
10     8
11    10
12    18
13    17
14     5
15     4
16     8
17    12
18    11
19    11
20    11
21    10
22     5
23     7
24     7
25    19
26    15
27    18
28    13
29    10
30     6
31     9
32    21
33    13
34    10
2025-02-23 16:47:36,764 INFO: --------------------
2025-02-23 16:47:36,766 INFO: Q8
Other                                                                            24
Art and Design: History, Practice and Theory                                     20
Public Health, Health Services and Primary Care                                  18
History                                                                          17
Modern Languages and Linguistics                                                 17
English Language and Literature                                                  16
Biological Sciences                                                              16
Psychology, Psychiatry and Neuroscience                                          15
Engineering                                                                      15
Allied Health Professions, Dentistry, Nursing and Pharmacy                       14
Architecture, Built Environment and Planning                                     14
Sociology                                                                        14
Politics and International Studies                                               13
Music, Drama, Dance, Performing Arts, Film and Screen Studies                    12
Business and Management Studies                                                  12
Computer Science and Informatics                                                 11
Earth Systems and Environmental Sciences                                         11
Physics                                                                          10
Law                                                                              10
Communication, Cultural and Media Studies, Library and Information Management    10
Clinical Medicine                                                                10
Mathematical Sciences                                                             9
Theology and Religious Studies                                                    9
Economics and Econometrics                                                        8
Education                                                                         8
Social Work and Social Policy                                                     7
Geography and Environmental Studies                                               7
Sport and Exercise Sciences, Leisure and Tourism                                  7
Classics                                                                          7
Archaeology                                                                       6
Area Studies                                                                      6
Philosophy                                                                        6
Agriculture, Food and Veterinary Sciences                                         4
Anthropology and Development Studies                                              4
Chemistry                                                                         4
2025-02-23 16:47:36,766 INFO: --------------------
2025-02-23 16:47:36,769 INFO: Unique Q8a: ['' 'Demography' 'Medical ethics' 'Criminology'
 'no longer research active' 'Publishing'
 'Manager not researcher so work across disciplines' 'social science'
 'I was a Panel Adviser, so have no research area'
 'Not currently a researcher' 'Interdisciplinary digital research'
 'Technology, Education, and Music' 'I am not a researcher.'
 'Political economy'
 'I was the chief executive of a UK national charity supporting children with speech, language and communication difficulties. I was not a researcher.'
 'I was an impact assessor and am not a researcher' 'Heritage'
 'Cross cutting' 'n/a' 'Impact assessor'
 'I conduct/commission research into the child welfare service.'
 'Welsh and Celtic Studies' 'Gerontology'
 'Impact assessor - no current research activity']
2025-02-23 16:47:36,769 INFO: --------------------
2025-02-23 16:47:36,772 INFO: Q8_uoa
32    20
2     18
28    17
26    17
27    16
5     16
12    15
4     15
3     14
21    14
13    14
19    13
33    12
17    12
11    11
7     11
9     10
34    10
18    10
1     10
10     9
31     9
23     8
16     8
20     7
14     7
29     7
24     7
15     6
25     6
30     6
8      4
6      4
22     4
2025-02-23 16:47:36,772 INFO: --------------------
2025-02-23 16:47:36,772 INFO: There are 24 people who put 8_uoa as 'Other' but fit into a UOA
2025-02-23 16:47:36,780 INFO: --------------------
2025-02-23 16:47:36,780 INFO: 2    - benefits generate for and with non-academic ...
3    Research that changes or benefits individuals ...
4    research-informed changes in policy, practice,...
5    The formal definition is research work which h...
6    Usually programmed activity that seeks to shar...
2025-02-23 16:47:36,780 INFO: --------------------
2025-02-23 16:47:36,783 INFO: Highest weight for ICS: 100
2025-02-23 16:47:36,783 INFO: Smallest weight for ICS: 0
2025-02-23 16:47:36,783 INFO: Mean weight for ICS: 39
2025-02-23 16:47:36,785 INFO: --------------------
2025-02-23 16:47:36,785 INFO: 2    If the case study format remains for the next ...
3                                                     
4    impact should have the largest proportion sinc...
5    Most good science is not impactful, certainly ...
6    Impact is significant part of the purpose of r...
2025-02-23 16:47:36,785 INFO: --------------------
2025-02-23 16:47:36,789 INFO: Mean rank for Q11_1 is 4.515
2025-02-23 16:47:36,793 INFO: Mean rank for Q11_2 is 4.235
2025-02-23 16:47:36,798 INFO: Mean rank for Q11_3 is 5.667
2025-02-23 16:47:36,802 INFO: Mean rank for Q11_4 is 6.057
2025-02-23 16:47:36,806 INFO: Mean rank for Q11_5 is 5.536
2025-02-23 16:47:36,811 INFO: Mean rank for Q11_6 is 5.401
2025-02-23 16:47:36,815 INFO: Mean rank for Q11_7 is 6.558
2025-02-23 16:47:36,819 INFO: Mean rank for Q11_8 is 5.814
2025-02-23 16:47:36,823 INFO: Mean rank for Q11_9 is 4.348
2025-02-23 16:47:36,827 INFO: Mean rank for Q11_10 is 4.164
2025-02-23 16:47:36,827 INFO: --------------------
2025-02-23 16:47:36,838 INFO: Mean rank for Q12_1 is 2.272
2025-02-23 16:47:36,848 INFO: Mean rank for Q12_2 is 2.041
2025-02-23 16:47:36,859 INFO: Mean rank for Q12_3 is 1.79
2025-02-23 16:47:36,870 INFO: Mean rank for Q12_4 is 1.459
2025-02-23 16:47:36,880 INFO: Mean rank for Q12_5 is 1.627
2025-02-23 16:47:36,891 INFO: Mean rank for Q12_6 is 1.443
2025-02-23 16:47:36,902 INFO: Mean rank for Q12_7 is 1.974
2025-02-23 16:47:36,912 INFO: Mean rank for Q12_8 is 1.376
2025-02-23 16:47:36,923 INFO: Mean rank for Q12_9 is 1.018
2025-02-23 16:47:36,934 INFO: Mean rank for Q12_10 is 0.684
2025-02-23 16:47:36,945 INFO: Mean rank for Q12_11 is 0.806
2025-02-23 16:47:36,955 INFO: Mean rank for Q12_12 is 1.819
2025-02-23 16:47:36,966 INFO: Mean rank for Q12_13 is 1.163
2025-02-23 16:47:36,976 INFO: Mean rank for Q12_14 is 0.482
2025-02-23 16:47:36,987 INFO: Mean rank for Q12_15 is 0.51
2025-02-23 16:47:36,999 INFO: Mean rank for Q12_16 is 1.381
2025-02-23 16:47:37,012 INFO: Mean rank for Q12_17 is 0.637
2025-02-23 16:47:37,022 INFO: Mean rank for Q12_18 is 1.101
2025-02-23 16:47:37,034 INFO: Mean rank for Q12_19 is 0.909
2025-02-23 16:47:37,044 INFO: Mean rank for Q12_20 is 0.746
2025-02-23 16:47:37,055 INFO: Mean rank for Q12_21 is 1.35
2025-02-23 16:47:37,065 INFO: Mean rank for Q12_22 is 1.407
2025-02-23 16:47:37,076 INFO: Mean rank for Q12_23 is 1.728
2025-02-23 16:47:37,996 INFO: --------------------
2025-02-23 16:47:37,999 INFO: 2                                                     
3    Contribution to creative and cultural industri...
4    meeting priority needs; collaborating with sta...
5    Mathematical analysis plays a crucial role in ...
6    ability to make interventions in complex and d...
2025-02-23 16:47:37,999 INFO: --------------------
2025-02-23 16:47:38,001 INFO: 2    Case study format demands coherent narrative a...
3    They tend to rely a lot on testimonials, rathe...
4    tracking the impact of research and assessing ...
5    Only a small fraction of the research undertak...
6    measuring long-term qualitative impacts outsid...
2025-02-23 16:47:38,016 INFO: --------------------
2025-02-23 16:47:38,016 INFO: Q15 mean: 1.5544041450777202
2025-02-23 16:47:38,018 INFO: Q16 mean: 41.797814207650276
2025-02-23 16:47:38,018 INFO: --------------------
2025-02-23 16:47:38,029 INFO: Mean rank for Q17_1 is 1.217
2025-02-23 16:47:38,040 INFO: Mean rank for Q17_2 is 0.321
2025-02-23 16:47:38,052 INFO: Mean rank for Q17_3 is 1.337
2025-02-23 16:47:38,063 INFO: Mean rank for Q17_4 is 1.431
2025-02-23 16:47:38,074 INFO: Mean rank for Q17_5 is 1.36
2025-02-23 16:47:38,086 INFO: Mean rank for Q17_6 is 1.162
2025-02-23 16:47:38,097 INFO: Mean rank for Q17_7 is 0.405
2025-02-23 16:47:38,108 INFO: Mean rank for Q17_8 is 1.473
2025-02-23 16:47:38,119 INFO: Mean rank for Q17_9 is 0.386
2025-02-23 16:47:38,130 INFO: Mean rank for Q17_10 is 1.52
2025-02-23 16:47:38,132 INFO: --------------------
2025-02-23 16:47:38,132 INFO: 2    Academy needs to get to grips with EDI dimensi...
3    Understanding the ethical nature of impact is ...
4    to accelerate learning about how to do better,...
5    Again I would highlight that impact is a small...
6                                                     
2025-02-23 16:47:38,132 INFO: --------------------
2025-02-23 16:47:38,143 INFO: Mean rank for Q18_1 is 1.829
2025-02-23 16:47:38,154 INFO: Mean rank for Q18_2 is 1.494
2025-02-23 16:47:38,165 INFO: Mean rank for Q18_3 is 2.384
2025-02-23 16:47:38,175 INFO: Mean rank for Q18_4 is 2.236
2025-02-23 16:47:38,187 INFO: Mean rank for Q18_5 is 2.156
2025-02-23 16:47:38,197 INFO: Mean rank for Q18_6 is 2.114
2025-02-23 16:47:38,209 INFO: Mean rank for Q18_7 is 1.896
2025-02-23 16:47:38,219 INFO: Mean rank for Q18_8 is 2.112
2025-02-23 16:47:38,230 INFO: Mean rank for Q18_9 is 1.681
2025-02-23 16:47:38,241 INFO: Mean rank for Q18_10 is 1.452
2025-02-23 16:47:38,241 INFO: --------------------
2025-02-23 16:47:38,253 INFO: Mean rank for Q18a_1 is 2.577
2025-02-23 16:47:38,263 INFO: Mean rank for Q18a_2 is 0.668
2025-02-23 16:47:38,274 INFO: Mean rank for Q18a_3 is 1.278
2025-02-23 16:47:38,285 INFO: Mean rank for Q18a_4 is 1.449
2025-02-23 16:47:38,296 INFO: Mean rank for Q18a_5 is 1.356
2025-02-23 16:47:38,308 INFO: Mean rank for Q18a_6 is 1.205
2025-02-23 16:47:38,319 INFO: Mean rank for Q18a_7 is 0.488
2025-02-23 16:47:38,330 INFO: Mean rank for Q18a_8 is 0.582
2025-02-23 16:47:38,343 INFO: Mean rank for Q18a_9 is 1.369
2025-02-23 16:47:38,355 INFO: Mean rank for Q18a_10 is 0.795
2025-02-23 16:47:38,357 INFO: --------------------
2025-02-23 16:47:38,357 INFO: 2                Take a look at the UoA subject report
3    Health, community building, cultural benefits ...
4                            policy making, guidelines
5    health, environmental protection and monitorin...
6                                                     
2025-02-23 16:47:39,807 INFO: We have 90 null ICS_GPA
2025-02-23 16:47:39,808 INFO: OK, we have 90 rows with ICS_GPA to begin with
2025-02-23 16:47:39,808 INFO: Lets drop those without Q3 (institution)
2025-02-23 16:47:39,809 INFO: We now have 59 rows with ICS_GPA
2025-02-23 16:47:39,809 INFO: Lets drop institution =='Other'
2025-02-23 16:47:39,810 INFO: We now have 41 rows with ICS_GPA
2025-02-23 16:47:39,810 INFO: Lets drop those without a UOA
2025-02-23 16:47:39,811 INFO: We now have 34 rows with ICS_GPA
2025-02-23 16:47:39,811 INFO: Saving these out to ../data/to_check/institutions_didnt_submit_to_uoa.csv: Check these people were in universities which didnt to submit to relevant UOA.
2025-02-23 16:47:39,820 INFO: Data getting saved to: ../data/wrangled/df_clean_merged.csv
2025-02-23 16:47:39,831 INFO: Length of df_merge is 391
2025-02-23 17:16:10,780 INFO: OK, so weve got 407 people to begin with.
2025-02-23 17:16:10,794 INFO: 13 people did not read PIS/agree to analysis
2025-02-23 17:16:10,804 INFO: This leaves us with 394 rows of observations
2025-02-23 17:16:10,812 INFO: There are 3 obs missing for Q10: important.
2025-02-23 17:16:10,820 INFO: We drop these. This leaves us with 391 people.
2025-02-23 17:16:11,178 INFO: There are 86 unique institutions
2025-02-23 17:16:11,179 INFO: The modal institution (excluding 'Other') is: University College London
2025-02-23 17:16:11,179 INFO: --------------------
2025-02-23 17:16:11,180 INFO: Q3
Other                                                                            18
University College London                                                        16
University of Oxford                                                             16
University of Glasgow                                                            14
University of Edinburgh                                                          14
University of Bristol                                                            13
University of Nottingham, The                                                    11
The University of Manchester                                                     10
Cardiff University / Prifysgol Caerdydd                                           9
The University of Sheffield                                                       8
The University of Liverpool                                                       8
The University of Birmingham                                                      8
University of Cambridge                                                           8
University of Southampton                                                         8
King's College London                                                             8
University of York                                                                7
The University of Warwick                                                         7
University of Exeter                                                              7
Royal Holloway and Bedford New College                                            6
The University of Lancaster                                                       6
University of Durham                                                              6
University of Ulster                                                              6
The University of Leeds                                                           5
The University of Hull                                                            5
University of Newcastle upon Tyne                                                 5
University of Plymouth                                                            5
University of St Andrews                                                          4
Kingston University                                                               4
Imperial College of Science, Technology and Medicine                              4
City, University of London                                                        4
The London School of Economics and Political Science                              4
University of Northumbria at Newcastle                                            4
School of Oriental and African Studies                                            4
Queen's University of Belfast                                                     4
The University of Leicester                                                       4
The University of Kent                                                            4
University of the West of England, Bristol                                        3
Queen Mary University of London                                                   3
Loughborough University                                                           3
University of Strathclyde                                                         3
University of Keele                                                               3
University of Sussex                                                              3
University of Aberdeen                                                            3
University of Brighton                                                            3
Nottingham Trent University                                                       3
The University of Reading                                                         3
The University of East Anglia                                                     3
The Open University                                                               2
Manchester Metropolitan University                                                2
Swansea University / Prifysgol Abertawe                                           2
Brunel University London                                                          2
Goldsmiths' College                                                               2
Anglia Ruskin University Higher Education Corporation                             2
Liverpool John Moores University                                                  2
University of Stirling                                                            2
University of the Arts, London                                                    2
University of Portsmouth                                                          2
University of Salford, The                                                        2
Queen Margaret University, Edinburgh                                              2
Royal College of Art(The)                                                         2
The University of Surrey                                                          2
The University of Bath                                                            2
Aston University                                                                  1
Bangor University / Prifysgol Bangor                                              1
Birkbeck College                                                                  1
Aberystwyth University / Prifysgol Aberystwyth                                    1
Buckinghamshire New University                                                    1
Bournemouth University                                                            1
Coventry University                                                               1
Edge Hill University                                                              1
The Royal Central School of Speech and Drama                                      1
Liverpool School of Tropical Medicine                                             1
Heriot-Watt University                                                            1
Leeds Beckett University                                                          1
Oxford Brookes University                                                         1
SRUC                                                                              1
Sheffield Hallam University                                                       1
St. George's Hospital Medical School                                              1
University of Lincoln                                                             1
The University of Essex                                                           1
The University of Westminster                                                     1
University of Chester                                                             1
University of Wales Trinity Saint David / Prifysgol Cymru Y Drindod Dewi Sant     1
University of Hertfordshire                                                       1
University of the West of Scotland                                                1
Birmingham City University                                                        0
2025-02-23 17:16:11,183 INFO: Most recent year of PhD: 2022
2025-02-23 17:16:11,183 INFO: Earliest year of PhD: 1968
2025-02-23 17:16:11,183 INFO: Mean year of PhD: 1993
2025-02-23 17:16:11,191 INFO: --------------------
2025-02-23 17:16:11,192 INFO: Q6
White                                         352
Asian or Asian British                         18
Other ethnic group                             13
Mixed or multiple ethnic groups                 6
Black, Black British, Caribbean or African      2
2025-02-23 17:16:11,192 INFO: --------------------
2025-02-23 17:16:11,854 INFO: --------------------
2025-02-23 17:16:11,854 INFO: 2    Sub-panel 19
3    Sub-panel 33
4     Sub-panel 2
5    Sub-panel 10
6    Sub-panel 25
2025-02-23 17:16:11,854 INFO: --------------------
2025-02-23 17:16:11,855 INFO: Q7_uoa
1     12
2     16
3     23
4     17
5     11
6      4
7     13
8      4
9     10
10     8
11    10
12    18
13    17
14     5
15     4
16     8
17    12
18    11
19    11
20    11
21    10
22     5
23     7
24     7
25    19
26    15
27    18
28    13
29    10
30     6
31     9
32    21
33    13
34    10
2025-02-23 17:16:11,855 INFO: --------------------
2025-02-23 17:16:11,858 INFO: Q8
Other                                                                            24
Art and Design: History, Practice and Theory                                     20
Public Health, Health Services and Primary Care                                  18
History                                                                          17
Modern Languages and Linguistics                                                 17
English Language and Literature                                                  16
Biological Sciences                                                              16
Psychology, Psychiatry and Neuroscience                                          15
Engineering                                                                      15
Allied Health Professions, Dentistry, Nursing and Pharmacy                       14
Architecture, Built Environment and Planning                                     14
Sociology                                                                        14
Politics and International Studies                                               13
Music, Drama, Dance, Performing Arts, Film and Screen Studies                    12
Business and Management Studies                                                  12
Computer Science and Informatics                                                 11
Earth Systems and Environmental Sciences                                         11
Physics                                                                          10
Law                                                                              10
Communication, Cultural and Media Studies, Library and Information Management    10
Clinical Medicine                                                                10
Mathematical Sciences                                                             9
Theology and Religious Studies                                                    9
Economics and Econometrics                                                        8
Education                                                                         8
Social Work and Social Policy                                                     7
Geography and Environmental Studies                                               7
Sport and Exercise Sciences, Leisure and Tourism                                  7
Classics                                                                          7
Archaeology                                                                       6
Area Studies                                                                      6
Philosophy                                                                        6
Agriculture, Food and Veterinary Sciences                                         4
Anthropology and Development Studies                                              4
Chemistry                                                                         4
2025-02-23 17:16:11,858 INFO: --------------------
2025-02-23 17:16:11,860 INFO: Unique Q8a: ['' 'Demography' 'Medical ethics' 'Criminology'
 'no longer research active' 'Publishing'
 'Manager not researcher so work across disciplines' 'social science'
 'I was a Panel Adviser, so have no research area'
 'Not currently a researcher' 'Interdisciplinary digital research'
 'Technology, Education, and Music' 'I am not a researcher.'
 'Political economy'
 'I was the chief executive of a UK national charity supporting children with speech, language and communication difficulties. I was not a researcher.'
 'I was an impact assessor and am not a researcher' 'Heritage'
 'Cross cutting' 'n/a' 'Impact assessor'
 'I conduct/commission research into the child welfare service.'
 'Welsh and Celtic Studies' 'Gerontology'
 'Impact assessor - no current research activity']
2025-02-23 17:16:11,860 INFO: --------------------
2025-02-23 17:16:11,863 INFO: Q8_uoa
32    20
2     18
28    17
26    17
27    16
5     16
12    15
4     15
3     14
21    14
13    14
19    13
33    12
17    12
11    11
7     11
9     10
34    10
18    10
1     10
10     9
31     9
23     8
16     8
20     7
14     7
29     7
24     7
15     6
25     6
30     6
8      4
6      4
22     4
2025-02-23 17:16:11,863 INFO: --------------------
2025-02-23 17:16:11,863 INFO: There are 24 people who put 8_uoa as 'Other' but fit into a UOA
2025-02-23 17:16:11,873 INFO: --------------------
2025-02-23 17:16:11,873 INFO: 2    - benefits generate for and with non-academic ...
3    Research that changes or benefits individuals ...
4    research-informed changes in policy, practice,...
5    The formal definition is research work which h...
6    Usually programmed activity that seeks to shar...
2025-02-23 17:16:11,873 INFO: --------------------
2025-02-23 17:16:11,876 INFO: Highest weight for ICS: 100
2025-02-23 17:16:11,876 INFO: Smallest weight for ICS: 0
2025-02-23 17:16:11,876 INFO: Mean weight for ICS: 39
2025-02-23 17:16:11,878 INFO: --------------------
2025-02-23 17:16:11,878 INFO: 2    If the case study format remains for the next ...
3                                                     
4    impact should have the largest proportion sinc...
5    Most good science is not impactful, certainly ...
6    Impact is significant part of the purpose of r...
2025-02-23 17:16:11,878 INFO: --------------------
2025-02-23 17:16:11,882 INFO: Mean rank for Q11_1 is 4.515
2025-02-23 17:16:11,886 INFO: Mean rank for Q11_2 is 4.235
2025-02-23 17:16:11,890 INFO: Mean rank for Q11_3 is 5.667
2025-02-23 17:16:11,894 INFO: Mean rank for Q11_4 is 6.057
2025-02-23 17:16:11,898 INFO: Mean rank for Q11_5 is 5.536
2025-02-23 17:16:11,903 INFO: Mean rank for Q11_6 is 5.401
2025-02-23 17:16:11,907 INFO: Mean rank for Q11_7 is 6.558
2025-02-23 17:16:11,911 INFO: Mean rank for Q11_8 is 5.814
2025-02-23 17:16:11,915 INFO: Mean rank for Q11_9 is 4.348
2025-02-23 17:16:11,919 INFO: Mean rank for Q11_10 is 4.164
2025-02-23 17:16:11,919 INFO: --------------------
2025-02-23 17:16:11,929 INFO: Mean rank for Q12_1 is 2.272
2025-02-23 17:16:11,940 INFO: Mean rank for Q12_2 is 2.041
2025-02-23 17:16:11,950 INFO: Mean rank for Q12_3 is 1.79
2025-02-23 17:16:11,960 INFO: Mean rank for Q12_4 is 1.459
2025-02-23 17:16:11,971 INFO: Mean rank for Q12_5 is 1.627
2025-02-23 17:16:11,981 INFO: Mean rank for Q12_6 is 1.443
2025-02-23 17:16:11,992 INFO: Mean rank for Q12_7 is 1.974
2025-02-23 17:16:12,002 INFO: Mean rank for Q12_8 is 1.376
2025-02-23 17:16:12,012 INFO: Mean rank for Q12_9 is 1.018
2025-02-23 17:16:12,023 INFO: Mean rank for Q12_10 is 0.684
2025-02-23 17:16:12,033 INFO: Mean rank for Q12_11 is 0.806
2025-02-23 17:16:12,044 INFO: Mean rank for Q12_12 is 1.819
2025-02-23 17:16:12,055 INFO: Mean rank for Q12_13 is 1.163
2025-02-23 17:16:12,065 INFO: Mean rank for Q12_14 is 0.482
2025-02-23 17:16:12,075 INFO: Mean rank for Q12_15 is 0.51
2025-02-23 17:16:12,086 INFO: Mean rank for Q12_16 is 1.381
2025-02-23 17:16:12,096 INFO: Mean rank for Q12_17 is 0.637
2025-02-23 17:16:12,106 INFO: Mean rank for Q12_18 is 1.101
2025-02-23 17:16:12,117 INFO: Mean rank for Q12_19 is 0.909
2025-02-23 17:16:12,127 INFO: Mean rank for Q12_20 is 0.746
2025-02-23 17:16:12,137 INFO: Mean rank for Q12_21 is 1.35
2025-02-23 17:16:12,148 INFO: Mean rank for Q12_22 is 1.407
2025-02-23 17:16:12,160 INFO: Mean rank for Q12_23 is 1.728
2025-02-23 17:16:13,053 INFO: --------------------
2025-02-23 17:16:13,056 INFO: 2                                                     
3    Contribution to creative and cultural industri...
4    meeting priority needs; collaborating with sta...
5    Mathematical analysis plays a crucial role in ...
6    ability to make interventions in complex and d...
2025-02-23 17:16:13,056 INFO: --------------------
2025-02-23 17:16:13,058 INFO: 2    Case study format demands coherent narrative a...
3    They tend to rely a lot on testimonials, rathe...
4    tracking the impact of research and assessing ...
5    Only a small fraction of the research undertak...
6    measuring long-term qualitative impacts outsid...
2025-02-23 17:16:13,072 INFO: --------------------
2025-02-23 17:16:13,072 INFO: Q15 mean: 1.5544041450777202
2025-02-23 17:16:13,074 INFO: Q16 mean: 41.797814207650276
2025-02-23 17:16:13,074 INFO: --------------------
2025-02-23 17:16:13,085 INFO: Mean rank for Q17_1 is 1.217
2025-02-23 17:16:13,095 INFO: Mean rank for Q17_2 is 0.321
2025-02-23 17:16:13,106 INFO: Mean rank for Q17_3 is 1.337
2025-02-23 17:16:13,116 INFO: Mean rank for Q17_4 is 1.431
2025-02-23 17:16:13,127 INFO: Mean rank for Q17_5 is 1.36
2025-02-23 17:16:13,137 INFO: Mean rank for Q17_6 is 1.162
2025-02-23 17:16:13,148 INFO: Mean rank for Q17_7 is 0.405
2025-02-23 17:16:13,159 INFO: Mean rank for Q17_8 is 1.473
2025-02-23 17:16:13,170 INFO: Mean rank for Q17_9 is 0.386
2025-02-23 17:16:13,181 INFO: Mean rank for Q17_10 is 1.52
2025-02-23 17:16:13,183 INFO: --------------------
2025-02-23 17:16:13,184 INFO: 2    Academy needs to get to grips with EDI dimensi...
3    Understanding the ethical nature of impact is ...
4    to accelerate learning about how to do better,...
5    Again I would highlight that impact is a small...
6                                                     
2025-02-23 17:16:13,184 INFO: --------------------
2025-02-23 17:16:13,195 INFO: Mean rank for Q18_1 is 1.829
2025-02-23 17:16:13,205 INFO: Mean rank for Q18_2 is 1.494
2025-02-23 17:16:13,216 INFO: Mean rank for Q18_3 is 2.384
2025-02-23 17:16:13,227 INFO: Mean rank for Q18_4 is 2.236
2025-02-23 17:16:13,238 INFO: Mean rank for Q18_5 is 2.156
2025-02-23 17:16:13,248 INFO: Mean rank for Q18_6 is 2.114
2025-02-23 17:16:13,259 INFO: Mean rank for Q18_7 is 1.896
2025-02-23 17:16:13,270 INFO: Mean rank for Q18_8 is 2.112
2025-02-23 17:16:13,281 INFO: Mean rank for Q18_9 is 1.681
2025-02-23 17:16:13,292 INFO: Mean rank for Q18_10 is 1.452
2025-02-23 17:16:13,292 INFO: --------------------
2025-02-23 17:16:13,305 INFO: Mean rank for Q18a_1 is 2.577
2025-02-23 17:16:13,316 INFO: Mean rank for Q18a_2 is 0.668
2025-02-23 17:16:13,327 INFO: Mean rank for Q18a_3 is 1.278
2025-02-23 17:16:13,337 INFO: Mean rank for Q18a_4 is 1.449
2025-02-23 17:16:13,348 INFO: Mean rank for Q18a_5 is 1.356
2025-02-23 17:16:13,358 INFO: Mean rank for Q18a_6 is 1.205
2025-02-23 17:16:13,369 INFO: Mean rank for Q18a_7 is 0.488
2025-02-23 17:16:13,380 INFO: Mean rank for Q18a_8 is 0.582
2025-02-23 17:16:13,390 INFO: Mean rank for Q18a_9 is 1.369
2025-02-23 17:16:13,401 INFO: Mean rank for Q18a_10 is 0.795
2025-02-23 17:16:13,403 INFO: --------------------
2025-02-23 17:16:13,403 INFO: 2                Take a look at the UoA subject report
3    Health, community building, cultural benefits ...
4                            policy making, guidelines
5    health, environmental protection and monitorin...
6                                                     
2025-02-23 17:16:14,858 INFO: We have 90 null ICS_GPA
2025-02-23 17:16:14,860 INFO: OK, we have 90 rows with ICS_GPA to begin with
2025-02-23 17:16:14,860 INFO: Lets drop those without Q3 (institution)
2025-02-23 17:16:14,861 INFO: We now have 59 rows with ICS_GPA
2025-02-23 17:16:14,861 INFO: Lets drop institution =='Other'
2025-02-23 17:16:14,862 INFO: We now have 41 rows with ICS_GPA
2025-02-23 17:16:14,862 INFO: Lets drop those without a UOA
2025-02-23 17:16:14,863 INFO: We now have 34 rows with ICS_GPA
2025-02-23 17:16:14,863 INFO: Saving these out to ../data/to_check/institutions_didnt_submit_to_uoa.csv: Check these people were in universities which didnt to submit to relevant UOA.
2025-02-23 17:16:14,870 INFO: Data getting saved to: ../data/wrangled/df_clean_merged.csv
2025-02-23 17:16:14,882 INFO: Length of df_merge is 391
2025-02-23 17:20:55,752 INFO: OK, so weve got 407 people to begin with.
2025-02-23 17:20:55,766 INFO: 13 people did not read PIS/agree to analysis
2025-02-23 17:20:55,776 INFO: This leaves us with 394 rows of observations
2025-02-23 17:20:55,785 INFO: There are 3 obs missing for Q10: important.
2025-02-23 17:20:55,792 INFO: We drop these. This leaves us with 391 people.
2025-02-23 17:20:56,152 INFO: There are 86 unique institutions
2025-02-23 17:20:56,153 INFO: The modal institution (excluding 'Other') is: University College London
2025-02-23 17:20:56,153 INFO: --------------------
2025-02-23 17:20:56,154 INFO: Q3
Other                                                                            18
University College London                                                        16
University of Oxford                                                             16
University of Glasgow                                                            14
University of Edinburgh                                                          14
University of Bristol                                                            13
University of Nottingham, The                                                    11
The University of Manchester                                                     10
Cardiff University / Prifysgol Caerdydd                                           9
The University of Sheffield                                                       8
The University of Liverpool                                                       8
The University of Birmingham                                                      8
University of Cambridge                                                           8
University of Southampton                                                         8
King's College London                                                             8
University of York                                                                7
The University of Warwick                                                         7
University of Exeter                                                              7
Royal Holloway and Bedford New College                                            6
The University of Lancaster                                                       6
University of Durham                                                              6
University of Ulster                                                              6
The University of Leeds                                                           5
The University of Hull                                                            5
University of Newcastle upon Tyne                                                 5
University of Plymouth                                                            5
University of St Andrews                                                          4
Kingston University                                                               4
Imperial College of Science, Technology and Medicine                              4
City, University of London                                                        4
The London School of Economics and Political Science                              4
University of Northumbria at Newcastle                                            4
School of Oriental and African Studies                                            4
Queen's University of Belfast                                                     4
The University of Leicester                                                       4
The University of Kent                                                            4
University of the West of England, Bristol                                        3
Queen Mary University of London                                                   3
Loughborough University                                                           3
University of Strathclyde                                                         3
University of Keele                                                               3
University of Sussex                                                              3
University of Aberdeen                                                            3
University of Brighton                                                            3
Nottingham Trent University                                                       3
The University of Reading                                                         3
The University of East Anglia                                                     3
The Open University                                                               2
Manchester Metropolitan University                                                2
Swansea University / Prifysgol Abertawe                                           2
Brunel University London                                                          2
Goldsmiths' College                                                               2
Anglia Ruskin University Higher Education Corporation                             2
Liverpool John Moores University                                                  2
University of Stirling                                                            2
University of the Arts, London                                                    2
University of Portsmouth                                                          2
University of Salford, The                                                        2
Queen Margaret University, Edinburgh                                              2
Royal College of Art(The)                                                         2
The University of Surrey                                                          2
The University of Bath                                                            2
Aston University                                                                  1
Bangor University / Prifysgol Bangor                                              1
Birkbeck College                                                                  1
Aberystwyth University / Prifysgol Aberystwyth                                    1
Buckinghamshire New University                                                    1
Bournemouth University                                                            1
Coventry University                                                               1
Edge Hill University                                                              1
The Royal Central School of Speech and Drama                                      1
Liverpool School of Tropical Medicine                                             1
Heriot-Watt University                                                            1
Leeds Beckett University                                                          1
Oxford Brookes University                                                         1
SRUC                                                                              1
Sheffield Hallam University                                                       1
St. George's Hospital Medical School                                              1
University of Lincoln                                                             1
The University of Essex                                                           1
The University of Westminster                                                     1
University of Chester                                                             1
University of Wales Trinity Saint David / Prifysgol Cymru Y Drindod Dewi Sant     1
University of Hertfordshire                                                       1
University of the West of Scotland                                                1
Birmingham City University                                                        0
2025-02-23 17:20:56,157 INFO: Most recent year of PhD: 2022
2025-02-23 17:20:56,157 INFO: Earliest year of PhD: 1968
2025-02-23 17:20:56,157 INFO: Mean year of PhD: 1993
2025-02-23 17:20:56,165 INFO: --------------------
2025-02-23 17:20:56,165 INFO: Q6
White                                         352
Asian or Asian British                         18
Other ethnic group                             13
Mixed or multiple ethnic groups                 6
Black, Black British, Caribbean or African      2
2025-02-23 17:20:56,165 INFO: --------------------
2025-02-23 17:20:56,834 INFO: --------------------
2025-02-23 17:20:56,835 INFO: 2    Sub-panel 19
3    Sub-panel 33
4     Sub-panel 2
5    Sub-panel 10
6    Sub-panel 25
2025-02-23 17:20:56,835 INFO: --------------------
2025-02-23 17:20:56,836 INFO: Q7_uoa
1     12
2     16
3     23
4     17
5     11
6      4
7     13
8      4
9     10
10     8
11    10
12    18
13    17
14     5
15     4
16     8
17    12
18    11
19    11
20    11
21    10
22     5
23     7
24     7
25    19
26    15
27    18
28    13
29    10
30     6
31     9
32    21
33    13
34    10
2025-02-23 17:20:56,836 INFO: --------------------
2025-02-23 17:20:56,838 INFO: Q8
Other                                                                            24
Art and Design: History, Practice and Theory                                     20
Public Health, Health Services and Primary Care                                  18
History                                                                          17
Modern Languages and Linguistics                                                 17
English Language and Literature                                                  16
Biological Sciences                                                              16
Psychology, Psychiatry and Neuroscience                                          15
Engineering                                                                      15
Allied Health Professions, Dentistry, Nursing and Pharmacy                       14
Architecture, Built Environment and Planning                                     14
Sociology                                                                        14
Politics and International Studies                                               13
Music, Drama, Dance, Performing Arts, Film and Screen Studies                    12
Business and Management Studies                                                  12
Computer Science and Informatics                                                 11
Earth Systems and Environmental Sciences                                         11
Physics                                                                          10
Law                                                                              10
Communication, Cultural and Media Studies, Library and Information Management    10
Clinical Medicine                                                                10
Mathematical Sciences                                                             9
Theology and Religious Studies                                                    9
Economics and Econometrics                                                        8
Education                                                                         8
Social Work and Social Policy                                                     7
Geography and Environmental Studies                                               7
Sport and Exercise Sciences, Leisure and Tourism                                  7
Classics                                                                          7
Archaeology                                                                       6
Area Studies                                                                      6
Philosophy                                                                        6
Agriculture, Food and Veterinary Sciences                                         4
Anthropology and Development Studies                                              4
Chemistry                                                                         4
2025-02-23 17:20:56,838 INFO: --------------------
2025-02-23 17:20:56,840 INFO: Unique Q8a: ['' 'Demography' 'Medical ethics' 'Criminology'
 'no longer research active' 'Publishing'
 'Manager not researcher so work across disciplines' 'social science'
 'I was a Panel Adviser, so have no research area'
 'Not currently a researcher' 'Interdisciplinary digital research'
 'Technology, Education, and Music' 'I am not a researcher.'
 'Political economy'
 'I was the chief executive of a UK national charity supporting children with speech, language and communication difficulties. I was not a researcher.'
 'I was an impact assessor and am not a researcher' 'Heritage'
 'Cross cutting' 'n/a' 'Impact assessor'
 'I conduct/commission research into the child welfare service.'
 'Welsh and Celtic Studies' 'Gerontology'
 'Impact assessor - no current research activity']
2025-02-23 17:20:56,840 INFO: --------------------
2025-02-23 17:20:56,843 INFO: Q8_uoa
32    20
2     18
28    17
26    17
27    16
5     16
12    15
4     15
3     14
21    14
13    14
19    13
33    12
17    12
11    11
7     11
9     10
34    10
18    10
1     10
10     9
31     9
23     8
16     8
20     7
14     7
29     7
24     7
15     6
25     6
30     6
8      4
6      4
22     4
2025-02-23 17:20:56,844 INFO: --------------------
2025-02-23 17:20:56,844 INFO: There are 24 people who put 8_uoa as 'Other' but fit into a UOA
2025-02-23 17:20:56,853 INFO: --------------------
2025-02-23 17:20:56,853 INFO: 2    - benefits generate for and with non-academic ...
3    Research that changes or benefits individuals ...
4    research-informed changes in policy, practice,...
5    The formal definition is research work which h...
6    Usually programmed activity that seeks to shar...
2025-02-23 17:20:56,853 INFO: --------------------
2025-02-23 17:20:56,856 INFO: Highest weight for ICS: 100
2025-02-23 17:20:56,856 INFO: Smallest weight for ICS: 0
2025-02-23 17:20:56,856 INFO: Mean weight for ICS: 39
2025-02-23 17:20:56,858 INFO: --------------------
2025-02-23 17:20:56,858 INFO: 2    If the case study format remains for the next ...
3                                                     
4    impact should have the largest proportion sinc...
5    Most good science is not impactful, certainly ...
6    Impact is significant part of the purpose of r...
2025-02-23 17:20:56,858 INFO: --------------------
2025-02-23 17:20:56,862 INFO: Mean rank for Q11_1 is 4.515
2025-02-23 17:20:56,866 INFO: Mean rank for Q11_2 is 4.235
2025-02-23 17:20:56,870 INFO: Mean rank for Q11_3 is 5.667
2025-02-23 17:20:56,875 INFO: Mean rank for Q11_4 is 6.057
2025-02-23 17:20:56,879 INFO: Mean rank for Q11_5 is 5.536
2025-02-23 17:20:56,883 INFO: Mean rank for Q11_6 is 5.401
2025-02-23 17:20:56,887 INFO: Mean rank for Q11_7 is 6.558
2025-02-23 17:20:56,891 INFO: Mean rank for Q11_8 is 5.814
2025-02-23 17:20:56,895 INFO: Mean rank for Q11_9 is 4.348
2025-02-23 17:20:56,899 INFO: Mean rank for Q11_10 is 4.164
2025-02-23 17:20:56,899 INFO: --------------------
2025-02-23 17:20:56,910 INFO: Mean rank for Q12_1 is 2.272
2025-02-23 17:20:56,920 INFO: Mean rank for Q12_2 is 2.041
2025-02-23 17:20:56,930 INFO: Mean rank for Q12_3 is 1.79
2025-02-23 17:20:56,943 INFO: Mean rank for Q12_4 is 1.459
2025-02-23 17:20:56,956 INFO: Mean rank for Q12_5 is 1.627
2025-02-23 17:20:56,966 INFO: Mean rank for Q12_6 is 1.443
2025-02-23 17:20:56,977 INFO: Mean rank for Q12_7 is 1.974
2025-02-23 17:20:56,987 INFO: Mean rank for Q12_8 is 1.376
2025-02-23 17:20:56,997 INFO: Mean rank for Q12_9 is 1.018
2025-02-23 17:20:57,009 INFO: Mean rank for Q12_10 is 0.684
2025-02-23 17:20:57,021 INFO: Mean rank for Q12_11 is 0.806
2025-02-23 17:20:57,031 INFO: Mean rank for Q12_12 is 1.819
2025-02-23 17:20:57,041 INFO: Mean rank for Q12_13 is 1.163
2025-02-23 17:20:57,051 INFO: Mean rank for Q12_14 is 0.482
2025-02-23 17:20:57,062 INFO: Mean rank for Q12_15 is 0.51
2025-02-23 17:20:57,072 INFO: Mean rank for Q12_16 is 1.381
2025-02-23 17:20:57,083 INFO: Mean rank for Q12_17 is 0.637
2025-02-23 17:20:57,093 INFO: Mean rank for Q12_18 is 1.101
2025-02-23 17:20:57,104 INFO: Mean rank for Q12_19 is 0.909
2025-02-23 17:20:57,114 INFO: Mean rank for Q12_20 is 0.746
2025-02-23 17:20:57,124 INFO: Mean rank for Q12_21 is 1.35
2025-02-23 17:20:57,134 INFO: Mean rank for Q12_22 is 1.407
2025-02-23 17:20:57,145 INFO: Mean rank for Q12_23 is 1.728
2025-02-23 17:20:58,038 INFO: --------------------
2025-02-23 17:20:58,040 INFO: 2                                                     
3    Contribution to creative and cultural industri...
4    meeting priority needs; collaborating with sta...
5    Mathematical analysis plays a crucial role in ...
6    ability to make interventions in complex and d...
2025-02-23 17:20:58,040 INFO: --------------------
2025-02-23 17:20:58,042 INFO: 2    Case study format demands coherent narrative a...
3    They tend to rely a lot on testimonials, rathe...
4    tracking the impact of research and assessing ...
5    Only a small fraction of the research undertak...
6    measuring long-term qualitative impacts outsid...
2025-02-23 17:20:58,056 INFO: --------------------
2025-02-23 17:20:58,056 INFO: Q15 mean: 1.5544041450777202
2025-02-23 17:20:58,058 INFO: Q16 mean: 41.797814207650276
2025-02-23 17:20:58,058 INFO: --------------------
2025-02-23 17:20:58,069 INFO: Mean rank for Q17_1 is 1.217
2025-02-23 17:20:58,080 INFO: Mean rank for Q17_2 is 0.321
2025-02-23 17:20:58,090 INFO: Mean rank for Q17_3 is 1.337
2025-02-23 17:20:58,102 INFO: Mean rank for Q17_4 is 1.431
2025-02-23 17:20:58,113 INFO: Mean rank for Q17_5 is 1.36
2025-02-23 17:20:58,123 INFO: Mean rank for Q17_6 is 1.162
2025-02-23 17:20:58,134 INFO: Mean rank for Q17_7 is 0.405
2025-02-23 17:20:58,144 INFO: Mean rank for Q17_8 is 1.473
2025-02-23 17:20:58,154 INFO: Mean rank for Q17_9 is 0.386
2025-02-23 17:20:58,165 INFO: Mean rank for Q17_10 is 1.52
2025-02-23 17:20:58,167 INFO: --------------------
2025-02-23 17:20:58,167 INFO: 2    Academy needs to get to grips with EDI dimensi...
3    Understanding the ethical nature of impact is ...
4    to accelerate learning about how to do better,...
5    Again I would highlight that impact is a small...
6                                                     
2025-02-23 17:20:58,167 INFO: --------------------
2025-02-23 17:20:58,178 INFO: Mean rank for Q18_1 is 1.829
2025-02-23 17:20:58,188 INFO: Mean rank for Q18_2 is 1.494
2025-02-23 17:20:58,199 INFO: Mean rank for Q18_3 is 2.384
2025-02-23 17:20:58,209 INFO: Mean rank for Q18_4 is 2.236
2025-02-23 17:20:58,220 INFO: Mean rank for Q18_5 is 2.156
2025-02-23 17:20:58,231 INFO: Mean rank for Q18_6 is 2.114
2025-02-23 17:20:58,242 INFO: Mean rank for Q18_7 is 1.896
2025-02-23 17:20:58,253 INFO: Mean rank for Q18_8 is 2.112
2025-02-23 17:20:58,264 INFO: Mean rank for Q18_9 is 1.681
2025-02-23 17:20:58,275 INFO: Mean rank for Q18_10 is 1.452
2025-02-23 17:20:58,275 INFO: --------------------
2025-02-23 17:20:58,286 INFO: Mean rank for Q18a_1 is 2.577
2025-02-23 17:20:58,297 INFO: Mean rank for Q18a_2 is 0.668
2025-02-23 17:20:58,308 INFO: Mean rank for Q18a_3 is 1.278
2025-02-23 17:20:58,318 INFO: Mean rank for Q18a_4 is 1.449
2025-02-23 17:20:58,329 INFO: Mean rank for Q18a_5 is 1.356
2025-02-23 17:20:58,341 INFO: Mean rank for Q18a_6 is 1.205
2025-02-23 17:20:58,352 INFO: Mean rank for Q18a_7 is 0.488
2025-02-23 17:20:58,365 INFO: Mean rank for Q18a_8 is 0.582
2025-02-23 17:20:58,376 INFO: Mean rank for Q18a_9 is 1.369
2025-02-23 17:20:58,388 INFO: Mean rank for Q18a_10 is 0.795
2025-02-23 17:20:58,390 INFO: --------------------
2025-02-23 17:20:58,390 INFO: 2                Take a look at the UoA subject report
3    Health, community building, cultural benefits ...
4                            policy making, guidelines
5    health, environmental protection and monitorin...
6                                                     
2025-02-23 17:21:00,017 INFO: We have 90 null ICS_GPA
2025-02-23 17:21:00,018 INFO: OK, we have 90 rows with ICS_GPA to begin with
2025-02-23 17:21:00,018 INFO: Lets drop those without Q3 (institution)
2025-02-23 17:21:00,019 INFO: We now have 59 rows with ICS_GPA
2025-02-23 17:21:00,019 INFO: Lets drop institution =='Other'
2025-02-23 17:21:00,020 INFO: We now have 41 rows with ICS_GPA
2025-02-23 17:21:00,020 INFO: Lets drop those without a UOA
2025-02-23 17:21:00,021 INFO: We now have 34 rows with ICS_GPA
2025-02-23 17:21:00,021 INFO: Saving these out to ../data/to_check/institutions_didnt_submit_to_uoa.csv: Check these people were in universities which didnt to submit to relevant UOA.
2025-02-23 17:21:00,031 INFO: Data getting saved to: ../data/wrangled/df_clean_merged.csv
2025-02-23 17:21:00,044 INFO: Length of df_merge is 391
